wandb: Currently logged in as: promiseekpo. Use `wandb login --relogin` to force relogin
wandb: wandb version 0.18.3 is available!  To upgrade, please run:
wandb:  $ pip install wandb --upgrade
wandb: Tracking run with wandb version 0.16.3
wandb: Run data is saved locally in /home/poe6/hosp_robotouille/wandb/run-20241005_155947-e8sjf736
wandb: Run `wandb offline` to turn off syncing.
wandb: Syncing run electric-sunset-200
wandb: ⭐️ View project at https://wandb.ai/promiseekpo/6756-rl-experiments
wandb: 🚀 View run at https://wandb.ai/promiseekpo/6756-rl-experiments/runs/e8sjf736
[DEBUG 15:59:48] git.cmd Popen(['git', 'diff', '--cached', '--abbrev=40', '--full-index', '--raw'], cwd=/home/poe6/hosp_robotouille, stdin=None, shell=False, universal_newlines=False)
[DEBUG 15:59:48] git.cmd Popen(['git', 'diff', '--abbrev=40', '--full-index', '--raw'], cwd=/home/poe6/hosp_robotouille, stdin=None, shell=False, universal_newlines=False)
[DEBUG 15:59:48] git.cmd Popen(['git', 'cat-file', '--batch-check'], cwd=/home/poe6/hosp_robotouille, stdin=<valid stream>, shell=False, universal_newlines=False)
[DEBUG 15:59:48] git.cmd Popen(['git', 'diff', '--cached', '--abbrev=40', '--full-index', '--raw'], cwd=/home/poe6/hosp_robotouille, stdin=None, shell=False, universal_newlines=False)
[DEBUG 15:59:48] git.cmd Popen(['git', 'diff', '--abbrev=40', '--full-index', '--raw'], cwd=/home/poe6/hosp_robotouille, stdin=None, shell=False, universal_newlines=False)
[DEBUG 15:59:48] git.cmd Popen(['git', 'cat-file', '--batch-check'], cwd=/home/poe6/hosp_robotouille, stdin=<valid stream>, shell=False, universal_newlines=False)
[DEBUG 15:59:48] git.cmd Popen(['git', 'diff', '--cached', '--abbrev=40', '--full-index', '--raw'], cwd=/home/poe6/hosp_robotouille, stdin=None, shell=False, universal_newlines=False)
[DEBUG 15:59:48] git.cmd Popen(['git', 'diff', '--abbrev=40', '--full-index', '--raw'], cwd=/home/poe6/hosp_robotouille, stdin=None, shell=False, universal_newlines=False)
[DEBUG 15:59:48] git.cmd Popen(['git', 'cat-file', '--batch-check'], cwd=/home/poe6/hosp_robotouille, stdin=<valid stream>, shell=False, universal_newlines=False)
epymarl/main.py:68: DeprecationWarning: Using or importing the ABCs from 'collections' instead of from 'collections.abc' is deprecated since Python 3.3, and in 3.9 it will stop working
  if isinstance(v, collections.Mapping):
[INFO 15:59:49] root Saving to FileStorageObserver in results/sacred.
[DEBUG 15:59:49] pymarl Using capture mode "fd"
[INFO 15:59:49] pymarl Running command 'my_main'
[INFO 15:59:49] pymarl Started run with ID "15"
[DEBUG 15:59:49] pymarl Starting Heartbeat
[DEBUG 15:59:49] my_main Started
[WARNING 15:59:49] my_main CUDA flag use_cuda was switched OFF automatically because no CUDA devices are available!
[INFO 15:59:49] my_main Experiment Parameters:
[INFO 15:59:49] my_main 

{   'action_selector': 'soft_policies',
    'add_value_last_step': True,
    'agent': 'rnn',
    'agent_output_type': 'pi_logits',
    'batch_size': 10,
    'batch_size_run': 10,
    'buffer_cpu_only': True,
    'buffer_size': 10,
    'checkpoint_path': '',
    'critic_type': 'ac_critic',
    'entropy_coef': 0.01,
    'env': 'gymma',
    'env_args': {   'key': None,
                    'pretrained_wrapper': None,
                    'seed': 546146792,
                    'time_limit': 50},
    'epochs': 4,
    'eps_clip': 0.2,
    'evaluate': False,
    'gamma': 0.99,
    'grad_norm_clip': 10,
    'hidden_dim': 64,
    'hypergroup': None,
    'label': 'default_label',
    'learner': 'ppo_learner',
    'learner_log_interval': 10000,
    'load_step': 0,
    'local_results_path': 'results',
    'log_interval': 100000,
    'lr': 0.0003,
    'mac': 'basic_mac',
    'mask_before_softmax': True,
    'name': 'ippo',
    'obs_agent_id': True,
    'obs_individual_obs': False,
    'obs_last_action': False,
    'optim_alpha': 0.99,
    'optim_eps': 1e-05,
    'q_nstep': 5,
    'render': False,
    'repeat_id': 1,
    'runner': 'episode',
    'runner_log_interval': 10000,
    'save_model': True,
    'save_model_interval': 500,
    'save_replay': False,
    'seed': 546146792,
    'standardise_returns': False,
    'standardise_rewards': True,
    't_max': 20050000,
    'target_update_interval_or_tau': 0.01,
    'test_greedy': True,
    'test_interval': 50000,
    'test_nepisode': 10,
    'use_cuda': False,
    'use_rnn': True,
    'use_tensorboard': False}

[DEBUG 15:59:49] pymarl Stopping Heartbeat
[ERROR 15:59:49] pymarl Failed after 0:00:00!
Traceback (most recent calls WITHOUT Sacred internals):
  File "epymarl/main.py", line 38, in my_main
    run(_run, config, _log)
  File "/home/poe6/hosp_robotouille/epymarl/run.py", line 57, in run
    run_sequential(args=args, logger=logger)
  File "/home/poe6/hosp_robotouille/epymarl/run.py", line 89, in run_sequential
    runner = r_REGISTRY[args.runner](args=args, logger=logger)
  File "/home/poe6/hosp_robotouille/epymarl/runners/episode_runner.py", line 18, in __init__
    assert self.batch_size == 1
AssertionError

wandb: - 0.011 MB of 0.038 MB uploadedwandb: \ 0.011 MB of 0.038 MB uploadedwandb: | 0.038 MB of 0.045 MB uploadedwandb: / 0.045 MB of 0.045 MB uploadedwandb: 🚀 View run electric-sunset-200 at: https://wandb.ai/promiseekpo/6756-rl-experiments/runs/e8sjf736
wandb: ️⚡ View job at https://wandb.ai/promiseekpo/6756-rl-experiments/jobs/QXJ0aWZhY3RDb2xsZWN0aW9uOjQ2NjQ4MjM0OQ==/version_details/v0
wandb: Synced 6 W&B file(s), 0 media file(s), 0 artifact file(s) and 1 other file(s)
wandb: Find logs at: ./wandb/run-20241005_155947-e8sjf736/logs
[DEBUG 15:59:55] urllib3.connectionpool Starting new HTTPS connection (1): o151352.ingest.sentry.io:443
[DEBUG 15:59:55] urllib3.connectionpool https://o151352.ingest.sentry.io:443 "POST /api/4504800232407040/envelope/ HTTP/1.1" 200 0
